<?xml version="1.0" encoding="UTF-8"?>
<!-- Generated by org.testng.reporters.JUnitXMLReporter -->
<testsuite ignored="0" hostname="LAPTOP-C7EHRFH9" failures="1" tests="2" name="Test" time="0.117" errors="0" timestamp="2023-06-17T09:49:16 IST">
  <testcase classname="pageObjectModel.Ilistprac" name="demoForListner" time="0.015"/>
  <testcase classname="pageObjectModel.Ilistprac" name="demoForListner1" time="0.016">
    <failure type="java.lang.AssertionError" message="expected [true] but found [false]">
      <![CDATA[java.lang.AssertionError: expected [true] but found [false]
at pageObjectModel.Ilistprac.demoForListner1(Ilistprac.java:17)
at java.base/java.util.ArrayList.forEach(ArrayList.java:1511)
... Removed 34 stack frames]]>
    </failure>
  </testcase> <!-- demoForListner1 -->
</testsuite> <!-- Test -->
