<?xml version="1.0" encoding="UTF-8"?>
<testng-results ignored="0" total="1" passed="1" failed="0" skipped="0">
  <reporter-output>
  </reporter-output>
  <suite started-at="2023-06-28T15:09:10 IST" name="Default suite" finished-at="2023-06-28T15:10:07 IST" duration-ms="57848">
    <groups>
    </groups>
    <test started-at="2023-06-28T15:09:10 IST" name="Default test" finished-at="2023-06-28T15:10:07 IST" duration-ms="57848">
      <class name="testCase.TC_10CreateDuplicateAndDeleteLead">
        <test-method is-config="true" signature="cofigclass()[pri:0, instance:testCase.TC_10CreateDuplicateAndDeleteLead@2892d68]" started-at="2023-06-28T15:09:10 IST" name="cofigclass" finished-at="2023-06-28T15:09:10 IST" duration-ms="25" status="PASS">
          <reporter-output>
          </reporter-output>
        </test-method> <!-- cofigclass -->
        <test-method is-config="true" signature="launchBrowser()[pri:0, instance:testCase.TC_10CreateDuplicateAndDeleteLead@2892d68]" started-at="2023-06-28T15:09:10 IST" name="launchBrowser" finished-at="2023-06-28T15:09:21 IST" duration-ms="11116" status="PASS">
          <reporter-output>
          </reporter-output>
        </test-method> <!-- launchBrowser -->
        <test-method signature="TC_10()[pri:0, instance:testCase.TC_10CreateDuplicateAndDeleteLead@2892d68]" started-at="2023-06-28T15:09:21 IST" name="TC_10" finished-at="2023-06-28T15:10:05 IST" duration-ms="44239" status="PASS">
          <reporter-output>
          </reporter-output>
        </test-method> <!-- TC_10 -->
        <test-method is-config="true" signature="aftermeth()[pri:0, instance:testCase.TC_10CreateDuplicateAndDeleteLead@2892d68]" started-at="2023-06-28T15:10:05 IST" name="aftermeth" finished-at="2023-06-28T15:10:07 IST" duration-ms="2394" status="PASS">
          <reporter-output>
          </reporter-output>
        </test-method> <!-- aftermeth -->
      </class> <!-- testCase.TC_10CreateDuplicateAndDeleteLead -->
    </test> <!-- Default test -->
  </suite> <!-- Default suite -->
</testng-results>
